April 18, 2020, 1:13 pm
User with ID 1 Created a new database field in POEM of POEM
Created a page layout entry pageLayoutPOEM at position , order  of type  with text  and tooltip 
Created a values list entry in Array with headings [[from above]] and [[from above]]_t
Included options were
0 = option0, = ,April 18, 2020, 1:14 pm
User with ID 1 Created a new database field in POEM of POEM
Created a page layout entry pageLayoutPOEM at position , order  of type  with text  and tooltip 
Created a values list entry in Array with headings [[from above]] and [[from above]]_t
Included options were
0 = option0, = ,April 20, 2020, 6:58 am
User with ID 1 Created a new database field in POEM of POEM
Created a page layout entry pageLayoutPOEM at position , order  of type  with text  and tooltip 
Created a values list entry in Array with headings [[from above]] and [[from above]]_t
Included options were
0 = option0, = ,April 20, 2020, 7:00 am
User with ID 1 Created a new database field in POEM of POEM
Created a page layout entry pageLayoutPOEM at position , order  of type  with text  and tooltip 
Created a values list entry in Array with headings [[from above]] and [[from above]]_t
Included options were
0 = option0, = ,April 20, 2020, 7:01 am
User with ID 1 Created a new database field in POEM of POEM
Created a page layout entry pageLayoutPOEM at position , order  of type  with text  and tooltip 
Created a values list entry in Array with headings [[from above]] and [[from above]]_t
Included options were
0 = option0, = ,April 20, 2020, 7:02 am
User with ID 1 Created a new database field in POEM of POEM
Created a page layout entry pageLayoutPOEM at position , order  of type  with text  and tooltip 
Created a values list entry in Array with headings [[from above]] and [[from above]]_t
Included options were
0 = option0, = ,April 20, 2020, 7:05 am
User with ID 1 Created a new database field in POEM of POEM
Created a page layout entry pageLayoutPOEM at position , order  of type  with text  and tooltip 
Created a values list entry in Array with headings [[from above]] and [[from above]]_t
Included options were
0 = option0, = ,April 20, 2020, 7:06 am
User with ID 1 Created a new database field in POEM of POEM
Created a page layout entry pageLayoutPOEM at position , order  of type  with text  and tooltip 
Created a values list entry in Array with headings [[from above]] and [[from above]]_t
Included options were
0 = option0, = ,May 11, 2020, 10:36 pm
User with ID 1 Created a new database field in POEM of POEM
Created a page layout entry pageLayoutPOEM at position , order  of type  with text  and tooltip 
Created a values list entry in Array with headings [[from above]] and [[from above]]_t
Included options were
0 = option0, = ,May 11, 2020, 10:45 pm
User with ID 1 Created a new database field in POEM of POEM
Created a page layout entry pageLayoutPOEM at position , order  of type  with text  and tooltip 
Created a values list entry in Array with headings [[from above]] and [[from above]]_t
Included options were
0 = option0, = ,May 11, 2020, 11:26 pm
User with ID 1 Created a new database field in POEM of POEM
Created a page layout entry pageLayoutPOEM at position , order  of type  with text  and tooltip 
Created a values list entry in Array with headings [[from above]] and [[from above]]_t
Included options were
0 = option0, = ,May 11, 2020, 11:26 pm
User with ID 1 Created a new database field in POEM of POEM
Created a page layout entry pageLayoutPOEM at position , order  of type  with text  and tooltip 
Created a values list entry in Array with headings [[from above]] and [[from above]]_t
Included options were
0 = option0, = ,May 11, 2020, 11:27 pm
User with ID 1 Created a new database field in POEM of POEM
Created a page layout entry pageLayoutPOEM at position , order  of type  with text  and tooltip 
Created a values list entry in Array with headings [[from above]] and [[from above]]_t
Included options were
0 = option0, = ,May 11, 2020, 11:29 pm
User with ID 1 Created a new database field in POEM of POEM
Created a page layout entry pageLayoutPOEM at position , order  of type  with text  and tooltip 
Created a values list entry in Array with headings [[from above]] and [[from above]]_t
Included options were
0 = option0, = ,May 11, 2020, 11:31 pm
User with ID 1 Created a new database field in POEM of POEM
Created a page layout entry pageLayoutPOEM at position , order  of type  with text  and tooltip 
Created a values list entry in Array with headings [[from above]] and [[from above]]_t
Included options were
0 = option0, = ,May 12, 2020, 6:56 am
User with ID 1 Created a new database field in POEM of POEM
Created a page layout entry pageLayoutPOEM at position , order  of type  with text  and tooltip 
Created a values list entry in Array with headings [[from above]] and [[from above]]_t
Included options were
0 = option0, = ,May 12, 2020, 6:58 am
User with ID 1 Created a new database field in POEM of POEM
Created a page layout entry pageLayoutPOEM at position , order  of type  with text  and tooltip 
Created a values list entry in Array with headings [[from above]] and [[from above]]_t
Included options were
0 = option0, = ,May 12, 2020, 7:00 am
User with ID 1 Created a new database field in POEM of POEM
Created a page layout entry pageLayoutPOEM at position , order  of type  with text  and tooltip 
Created a values list entry in Array with headings [[from above]] and [[from above]]_t
Included options were
0 = option0, = ,May 12, 2020, 7:01 am
User with ID 1 Created a new database field in POEM of POEM
Created a page layout entry pageLayoutPOEM at position , order  of type  with text  and tooltip 
Created a values list entry in Array with headings [[from above]] and [[from above]]_t
Included options were
0 = option0, = ,May 12, 2020, 7:05 am
User with ID 1 Created a new database field in POEM of POEM
Created a page layout entry pageLayoutPOEM at position , order  of type  with text  and tooltip 
Created a values list entry in Array with headings [[from above]] and [[from above]]_t
Included options were
0 = option0, = ,